<?xml version="1.0" encoding="UTF-8"?>
<!-- Generated by org.testng.reporters.JUnitReportReporter -->
<testsuite skipped="0" hostname="wgin-ntb-007" name="qaclickacademy.e2e.HomepageTest" tests="2" failures="0" timestamp="2021-08-15T13:44:34 IST" time="10.692" errors="0">
  <testcase name="homePageNavigation" time="1.637" classname="qaclickacademy.e2e.HomepageTest"/>
  <system-out/>
  <testcase name="homePageNavigation" time="9.055" classname="qaclickacademy.e2e.HomepageTest"/>
  <system-out/>
</testsuite> <!-- qaclickacademy.e2e.HomepageTest -->
