<?xml version="1.0" encoding="UTF-8"?>
<!-- Generated by org.testng.reporters.JUnitReportReporter -->
<testsuite skipped="0" hostname="wgin-ntb-007" name="qaclickacademy.e2e.LoginTest" tests="2" failures="0" timestamp="2021-08-16T00:18:43 IST" time="7.448" errors="0">
  <testcase name="homePageNavigation" time="4.699" classname="qaclickacademy.e2e.LoginTest"/>
  <system-out/>
  <testcase name="homePageNavigation" time="2.749" classname="qaclickacademy.e2e.LoginTest"/>
  <system-out/>
</testsuite> <!-- qaclickacademy.e2e.LoginTest -->
